<?xml version="1.0" encoding="UTF-8"?>
<!-- Generated by org.testng.reporters.JUnitXMLReporter -->
<testsuite ignored="0" hostname="Kandpal_Pc" failures="1" tests="4" name="Test" time="3.698" errors="0" timestamp="2024-04-15T16:33:57 IST">
  <testcase classname="onlinbanking.Customer.ChangePasswordTest" name="changePasswordOfLoginAndLoginAgainWithChangedPassword" time="0.635">
    <skipped/>
  </testcase> <!-- changePasswordOfLoginAndLoginAgainWithChangedPassword -->
  <testcase classname="onlinbanking.Customer.ChangePasswordTest" name="changePasswordOfLoginAndLoginAgainWithChangedPassword" time="0.308">
    <skipped/>
  </testcase> <!-- changePasswordOfLoginAndLoginAgainWithChangedPassword -->
  <testcase classname="onlinbanking.Customer.ChangePasswordTest" name="changePasswordOfLoginAndLoginAgainWithChangedPassword" time="0.308">
    <skipped/>
  </testcase> <!-- changePasswordOfLoginAndLoginAgainWithChangedPassword -->
  <testcase classname="onlinbanking.Customer.ChangePasswordTest" name="changePasswordOfLoginAndLoginAgainWithChangedPassword" time="0.298">
    <failure type="java.lang.AssertionError" message="null">
      <![CDATA[java.lang.AssertionError: null
at onlinbanking.Customer.ChangePasswordTest.changePasswordOfLoginAndLoginAgainWithChangedPassword(ChangePasswordTest.java:43)
at java.base/java.util.ArrayList.forEach(ArrayList.java:1511)
... Removed 29 stack frames]]>
    </failure>
  </testcase> <!-- changePasswordOfLoginAndLoginAgainWithChangedPassword -->
</testsuite> <!-- Test -->
