<?xml version="1.0" encoding="UTF-8"?>
<!-- Generated by org.testng.reporters.JUnitXMLReporter -->
<testsuite ignored="3" hostname="Kandpal_Pc" failures="0" tests="1" name="Test2" time="1.47" errors="0" timestamp="2024-04-10T15:17:10 IST">
  <testcase classname="onlinbanking.practiceTestNg.execution.Main" name="main2" time="0.001"/>
  <testcase classname="onlinbanking.practiceTestNg.execution.Main" name="main3" time="0.0">
    <ignored/>
  </testcase> <!-- main3 -->
  <testcase classname="onlinbanking.practiceTestNg.execution.Main" name="main1" time="0.0">
    <ignored/>
  </testcase> <!-- main1 -->
  <testcase classname="onlinbanking.practiceTestNg.execution.Main" name="main4" time="0.0">
    <ignored/>
  </testcase> <!-- main4 -->
</testsuite> <!-- Test2 -->
