<?xml version="1.0" encoding="UTF-8"?>
<!-- Generated by org.testng.reporters.JUnitXMLReporter -->
<testsuite ignored="3" hostname="Kandpal_Pc" failures="0" tests="1" name="Test1" time="2.064" errors="0" timestamp="2024-04-10T15:17:09 IST">
  <testcase classname="onlinbanking.practiceTestNg.execution.Demo" name="Demo1" time="0.004"/>
  <testcase classname="onlinbanking.practiceTestNg.execution.Demo" name="Demo4" time="0.0">
    <ignored/>
  </testcase> <!-- Demo4 -->
  <testcase classname="onlinbanking.practiceTestNg.execution.Demo" name="Demo3" time="0.0">
    <ignored/>
  </testcase> <!-- Demo3 -->
  <testcase classname="onlinbanking.practiceTestNg.execution.Demo" name="Demo2" time="0.0">
    <ignored/>
  </testcase> <!-- Demo2 -->
</testsuite> <!-- Test1 -->
