<?xml version="1.0" encoding="UTF-8"?>
<!-- Generated by org.testng.reporters.JUnitXMLReporter -->
<testsuite ignored="3" hostname="Kandpal_Pc" failures="0" tests="1" name="Test3" time="1.408" errors="0" timestamp="2024-04-10T15:17:11 IST">
  <testcase classname="onlinbanking.practiceTestNg.execution.Sample" name="sample2" time="0.001"/>
  <testcase classname="onlinbanking.practiceTestNg.execution.Sample" name="sample4" time="0.0">
    <ignored/>
  </testcase> <!-- sample4 -->
  <testcase classname="onlinbanking.practiceTestNg.execution.Sample" name="sample3" time="0.0">
    <ignored/>
  </testcase> <!-- sample3 -->
  <testcase classname="onlinbanking.practiceTestNg.execution.Sample" name="sample1" time="0.0">
    <ignored/>
  </testcase> <!-- sample1 -->
</testsuite> <!-- Test3 -->
